<?xml version="1.0" encoding="UTF-8"?>
<!-- Generated by org.testng.reporters.JUnitReportReporter -->
<testsuite hostname="LAPTOP-VNBA3OG5" failures="0" tests="1" name="_FindingDuplicateInSeries_package._FindingDuplicateInSeries.FindingDuplicateInSeries" time="0.014" errors="0" timestamp="2021-09-29T21:44:41 CDT" skipped="0">
  <testcase classname="_FindingDuplicateInSeries_package._FindingDuplicateInSeries.FindingDuplicateInSeries" name="testcase3" time="0.014"/>
  <system-out/>
</testsuite> <!-- _FindingDuplicateInSeries_package._FindingDuplicateInSeries.FindingDuplicateInSeries -->
